#
# There is insufficient memory for the Java Runtime Environment to continue.
# Native memory allocation (malloc) failed to allocate 2190736 bytes for Chunk::new
# Possible reasons:
#   The system is out of physical RAM or swap space
#   The process is running with CompressedOops enabled, and the Java Heap may be blocking the growth of the native heap
# Possible solutions:
#   Reduce memory load on the system
#   Increase physical memory or swap space
#   Check if swap backing store is full
#   Decrease Java heap size (-Xmx/-Xms)
#   Decrease number of Java threads
#   Decrease Java thread stack sizes (-Xss)
#   Set larger code cache with -XX:ReservedCodeCacheSize=
#   JVM is running with Unscaled Compressed Oops mode in which the Java heap is
#     placed in the first 4GB address space. The Java Heap base address is the
#     maximum limit for the native heap growth. Please use -XX:HeapBaseMinAddress
#     to set the Java Heap base and to place the Java Heap above 4GB virtual address.
# This output file may be truncated or incomplete.
#
#  Out of Memory Error (./src/hotspot/share/memory/arena.cpp:197), pid=16180, tid=13104
#
# JRE version: OpenJDK Runtime Environment AdoptOpenJDK (11.0.9.1+1) (build 11.0.9.1+1)
# Java VM: OpenJDK 64-Bit Server VM AdoptOpenJDK (11.0.9.1+1, mixed mode, tiered, compressed oops, g1 gc, windows-amd64)
# No core dump will be written. Minidumps are not enabled by default on client versions of Windows
#

---------------  S U M M A R Y ------------

Command Line: -Dfile.encoding=UTF-8 br.com.alura.carteira.CarteiraApiApplication

Host: Intel(R) Core(TM) i5-6500 CPU @ 3.20GHz, 4 cores, 7G,  Windows 10 , 64 bit Build 19041 (10.0.19041.662)
Time: Wed Oct 27 16:55:14 2021 E. South America Standard Time elapsed time: 9.832946 seconds (0d 0h 0m 9s)

---------------  T H R E A D  ---------------

Current thread (0x0000015cff24c000):  JavaThread "C2 CompilerThread0" daemon [_thread_in_native, id=13104, stack(0x0000002d65900000,0x0000002d65a00000)]


Current CompileTask:
C2:   9833 5563       4       org.springframework.core.ResolvableType::resolveType (151 bytes)

Stack: [0x0000002d65900000,0x0000002d65a00000]
Native frames: (J=compiled Java code, j=interpreted, Vv=VM code, C=native code)
V  [jvm.dll+0x5f465a]
V  [jvm.dll+0x77c78e]
V  [jvm.dll+0x77de5f]
V  [jvm.dll+0x77e523]
V  [jvm.dll+0x2477c8]
V  [jvm.dll+0xbe2ec]
V  [jvm.dll+0xbe9ec]
V  [jvm.dll+0x34d157]
V  [jvm.dll+0x31ae63]
V  [jvm.dll+0x31a19a]
V  [jvm.dll+0x201085]
V  [jvm.dll+0x20023f]
V  [jvm.dll+0x184fbc]
V  [jvm.dll+0x20f7f7]
V  [jvm.dll+0x20d9db]
V  [jvm.dll+0x741029]
V  [jvm.dll+0x73a0d4]
V  [jvm.dll+0x5f3586]
C  [ucrtbase.dll+0x214c2]
C  [KERNEL32.DLL+0x17034]
C  [ntdll.dll+0x4d0d1]


---------------  P R O C E S S  ---------------

Threads class SMR info:
_java_thread_list=0x0000015ca14bc2d0, length=18, elements={
0x0000015cfd85f800, 0x0000015cfea2a800, 0x0000015cfea33800, 0x0000015cff246000,
0x0000015cff249000, 0x0000015cff24c000, 0x0000015cfea37000, 0x0000015cfea3a000,
0x0000015cff401800, 0x0000015cff408000, 0x0000015c9d869800, 0x0000015c9da65800,
0x0000015ca26ee800, 0x0000015ca057c800, 0x0000015ca2242800, 0x0000015ca2112800,
0x0000015ca13d3800, 0x0000015ca1606000
}

Java Threads: ( => current thread )
  0x0000015cfd85f800 JavaThread "main" [_thread_blocked, id=13552, stack(0x0000002d64e00000,0x0000002d64f00000)]
  0x0000015cfea2a800 JavaThread "Reference Handler" daemon [_thread_blocked, id=7876, stack(0x0000002d65500000,0x0000002d65600000)]
  0x0000015cfea33800 JavaThread "Finalizer" daemon [_thread_blocked, id=7588, stack(0x0000002d65600000,0x0000002d65700000)]
  0x0000015cff246000 JavaThread "Signal Dispatcher" daemon [_thread_blocked, id=12748, stack(0x0000002d65700000,0x0000002d65800000)]
  0x0000015cff249000 JavaThread "Attach Listener" daemon [_thread_blocked, id=11216, stack(0x0000002d65800000,0x0000002d65900000)]
=>0x0000015cff24c000 JavaThread "C2 CompilerThread0" daemon [_thread_in_native, id=13104, stack(0x0000002d65900000,0x0000002d65a00000)]
  0x0000015cfea37000 JavaThread "C1 CompilerThread0" daemon [_thread_blocked, id=8620, stack(0x0000002d65a00000,0x0000002d65b00000)]
  0x0000015cfea3a000 JavaThread "Sweeper thread" daemon [_thread_blocked, id=15324, stack(0x0000002d65b00000,0x0000002d65c00000)]
  0x0000015cff401800 JavaThread "Service Thread" daemon [_thread_blocked, id=4176, stack(0x0000002d65c00000,0x0000002d65d00000)]
  0x0000015cff408000 JavaThread "Common-Cleaner" daemon [_thread_blocked, id=16360, stack(0x0000002d65e00000,0x0000002d65f00000)]
  0x0000015c9d869800 JavaThread "Thread-0" [_thread_blocked, id=9016, stack(0x0000002d66200000,0x0000002d66300000)]
  0x0000015c9da65800 JavaThread "restartedMain" [_thread_in_Java, id=4976, stack(0x0000002d66300000,0x0000002d66400000)]
  0x0000015ca26ee800 JavaThread "Catalina-utility-1" [_thread_blocked, id=4212, stack(0x0000002d66400000,0x0000002d66500000)]
  0x0000015ca057c800 JavaThread "Catalina-utility-2" [_thread_blocked, id=8664, stack(0x0000002d66600000,0x0000002d66700000)]
  0x0000015ca2242800 JavaThread "container-0" [_thread_blocked, id=12300, stack(0x0000002d66700000,0x0000002d66800000)]
  0x0000015ca2112800 JavaThread "HikariPool-1 housekeeper" daemon [_thread_blocked, id=9876, stack(0x0000002d66900000,0x0000002d66a00000)]
  0x0000015ca13d3800 JavaThread "HikariPool-1 connection adder" daemon [_thread_blocked, id=1512, stack(0x0000002d66a00000,0x0000002d66b00000)]
  0x0000015ca1606000 JavaThread "C2 CompilerThread1" daemon [_thread_in_native, id=15436, stack(0x0000002d66100000,0x0000002d66200000)]

Other Threads:
  0x0000015cfea03000 VMThread "VM Thread" [stack: 0x0000002d65400000,0x0000002d65500000] [id=10556]
  0x0000015cff402800 WatcherThread [stack: 0x0000002d65d00000,0x0000002d65e00000] [id=1396]
  0x0000015cfd878000 GCTaskThread "GC Thread#0" [stack: 0x0000002d64f00000,0x0000002d65000000] [id=4076]
  0x0000015cffcce000 GCTaskThread "GC Thread#1" [stack: 0x0000002d65f00000,0x0000002d66000000] [id=6692]
  0x0000015cffccf000 GCTaskThread "GC Thread#2" [stack: 0x0000002d66000000,0x0000002d66100000] [id=12044]
  0x0000015c9deb7800 GCTaskThread "GC Thread#3" [stack: 0x0000002d66500000,0x0000002d66600000] [id=13976]
  0x0000015cfd8a8800 ConcurrentGCThread "G1 Main Marker" [stack: 0x0000002d65000000,0x0000002d65100000] [id=12000]
  0x0000015cfd8aa000 ConcurrentGCThread "G1 Conc#0" [stack: 0x0000002d65100000,0x0000002d65200000] [id=5640]
  0x0000015cfe86e800 ConcurrentGCThread "G1 Refine#0" [stack: 0x0000002d65200000,0x0000002d65300000] [id=14768]
  0x0000015cfe86f800 ConcurrentGCThread "G1 Young RemSet Sampling" [stack: 0x0000002d65300000,0x0000002d65400000] [id=16052]

Threads with active compile tasks:
C2 CompilerThread0   9994 5563       4       org.springframework.core.ResolvableType::resolveType (151 bytes)
C2 CompilerThread1   9994 5514       4       org.springframework.core.annotation.TypeMappedAnnotations$MergedAnnotationFinder::doWithAnnotations (10 bytes)

VM state:not at safepoint (normal execution)

VM Mutex/Monitor currently owned by a thread: None

Heap address: 0x0000000081e00000, size: 2018 MB, Compressed Oops mode: 32-bit
Narrow klass base: 0x0000000000000000, Narrow klass shift: 3
Compressed class space size: 1073741824 Address: 0x0000000100000000

Heap:
 garbage-first heap   total 189440K, used 103672K [0x0000000081e00000, 0x0000000100000000)
  region size 1024K, 89 young (91136K), 9 survivors (9216K)
 Metaspace       used 68197K, capacity 69902K, committed 70144K, reserved 1110016K
  class space    used 8713K, capacity 9419K, committed 9472K, reserved 1048576K
Heap Regions: E=young(eden), S=young(survivor), O=old, HS=humongous(starts), HC=humongous(continues), CS=collection set, F=free, A=archive, TAMS=top-at-mark-start (previous, next)
|   0|0x0000000081e00000, 0x0000000081f00000, 0x0000000081f00000|100%|HS|  |TAMS 0x0000000081f00000, 0x0000000081e00000| Complete 
|   1|0x0000000081f00000, 0x0000000082000000, 0x0000000082000000|100%| O|  |TAMS 0x0000000082000000, 0x0000000081f00000| Untracked 
|   2|0x0000000082000000, 0x0000000082100000, 0x0000000082100000|100%| O|  |TAMS 0x0000000082100000, 0x0000000082000000| Untracked 
|   3|0x0000000082100000, 0x0000000082200000, 0x0000000082200000|100%| O|  |TAMS 0x0000000082200000, 0x0000000082100000| Untracked 
|   4|0x0000000082200000, 0x0000000082300000, 0x0000000082300000|100%| O|  |TAMS 0x0000000082300000, 0x0000000082200000| Untracked 
|   5|0x0000000082300000, 0x0000000082400000, 0x0000000082400000|100%| O|  |TAMS 0x0000000082400000, 0x0000000082300000| Untracked 
|   6|0x0000000082400000, 0x0000000082500000, 0x0000000082500000|100%| O|  |TAMS 0x0000000082500000, 0x0000000082400000| Untracked 
|   7|0x0000000082500000, 0x0000000082600000, 0x0000000082600000|100%| O|  |TAMS 0x0000000082600000, 0x0000000082500000| Untracked 
|   8|0x0000000082600000, 0x0000000082700000, 0x0000000082700000|100%| O|  |TAMS 0x0000000082700000, 0x0000000082600000| Untracked 
|   9|0x0000000082700000, 0x0000000082800000, 0x0000000082800000|100%| O|  |TAMS 0x0000000082800000, 0x0000000082700000| Untracked 
|  10|0x0000000082800000, 0x0000000082900000, 0x0000000082900000|100%| O|  |TAMS 0x0000000082900000, 0x0000000082800000| Untracked 
|  11|0x0000000082900000, 0x0000000082a00000, 0x0000000082a00000|100%| O|  |TAMS 0x0000000082a00000, 0x0000000082900000| Untracked 
|  12|0x0000000082a00000, 0x0000000082b00000, 0x0000000082b00000|100%| O|  |TAMS 0x0000000082b00000, 0x0000000082a00000| Untracked 
|  13|0x0000000082b00000, 0x0000000082b3e000, 0x0000000082c00000| 24%| O|  |TAMS 0x0000000082b3e000, 0x0000000082b00000| Untracked 
|  14|0x0000000082c00000, 0x0000000082c00000, 0x0000000082d00000|  0%| F|  |TAMS 0x0000000082c00000, 0x0000000082c00000| Untracked 
|  15|0x0000000082d00000, 0x0000000082d00000, 0x0000000082e00000|  0%| F|  |TAMS 0x0000000082d00000, 0x0000000082d00000| Untracked 
|  16|0x0000000082e00000, 0x0000000082e00000, 0x0000000082f00000|  0%| F|  |TAMS 0x0000000082e00000, 0x0000000082e00000| Untracked 
|  17|0x0000000082f00000, 0x0000000082f00000, 0x0000000083000000|  0%| F|  |TAMS 0x0000000082f00000, 0x0000000082f00000| Untracked 
|  18|0x0000000083000000, 0x0000000083000000, 0x0000000083100000|  0%| F|  |TAMS 0x0000000083000000, 0x0000000083000000| Untracked 
|  19|0x0000000083100000, 0x0000000083100000, 0x0000000083200000|  0%| F|  |TAMS 0x0000000083100000, 0x0000000083100000| Untracked 
|  20|0x0000000083200000, 0x0000000083200000, 0x0000000083300000|  0%| F|  |TAMS 0x0000000083200000, 0x0000000083200000| Untracked 
|  21|0x0000000083300000, 0x0000000083300000, 0x0000000083400000|  0%| F|  |TAMS 0x0000000083300000, 0x0000000083300000| Untracked 
|  22|0x0000000083400000, 0x0000000083400000, 0x0000000083500000|  0%| F|  |TAMS 0x0000000083400000, 0x0000000083400000| Untracked 
|  23|0x0000000083500000, 0x0000000083500000, 0x0000000083600000|  0%| F|  |TAMS 0x0000000083500000, 0x0000000083500000| Untracked 
|  24|0x0000000083600000, 0x0000000083600000, 0x0000000083700000|  0%| F|  |TAMS 0x0000000083600000, 0x0000000083600000| Untracked 
|  25|0x0000000083700000, 0x0000000083700000, 0x0000000083800000|  0%| F|  |TAMS 0x0000000083700000, 0x0000000083700000| Untracked 
|  26|0x0000000083800000, 0x0000000083800000, 0x0000000083900000|  0%| F|  |TAMS 0x0000000083800000, 0x0000000083800000| Untracked 
|  27|0x0000000083900000, 0x0000000083900000, 0x0000000083a00000|  0%| F|  |TAMS 0x0000000083900000, 0x0000000083900000| Untracked 
|  28|0x0000000083a00000, 0x0000000083a00000, 0x0000000083b00000|  0%| F|  |TAMS 0x0000000083a00000, 0x0000000083a00000| Untracked 
|  29|0x0000000083b00000, 0x0000000083b00000, 0x0000000083c00000|  0%| F|  |TAMS 0x0000000083b00000, 0x0000000083b00000| Untracked 
|  30|0x0000000083c00000, 0x0000000083c00000, 0x0000000083d00000|  0%| F|  |TAMS 0x0000000083c00000, 0x0000000083c00000| Untracked 
|  31|0x0000000083d00000, 0x0000000083d00000, 0x0000000083e00000|  0%| F|  |TAMS 0x0000000083d00000, 0x0000000083d00000| Untracked 
|  32|0x0000000083e00000, 0x0000000083e00000, 0x0000000083f00000|  0%| F|  |TAMS 0x0000000083e00000, 0x0000000083e00000| Untracked 
|  33|0x0000000083f00000, 0x0000000083f00000, 0x0000000084000000|  0%| F|  |TAMS 0x0000000083f00000, 0x0000000083f00000| Untracked 
|  34|0x0000000084000000, 0x0000000084000000, 0x0000000084100000|  0%| F|  |TAMS 0x0000000084000000, 0x0000000084000000| Untracked 
|  35|0x0000000084100000, 0x0000000084100000, 0x0000000084200000|  0%| F|  |TAMS 0x0000000084100000, 0x0000000084100000| Untracked 
|  36|0x0000000084200000, 0x0000000084200000, 0x0000000084300000|  0%| F|  |TAMS 0x0000000084200000, 0x0000000084200000| Untracked 
|  37|0x0000000084300000, 0x0000000084300000, 0x0000000084400000|  0%| F|  |TAMS 0x0000000084300000, 0x0000000084300000| Untracked 
|  38|0x0000000084400000, 0x0000000084400000, 0x0000000084500000|  0%| F|  |TAMS 0x0000000084400000, 0x0000000084400000| Untracked 
|  39|0x0000000084500000, 0x0000000084500000, 0x0000000084600000|  0%| F|  |TAMS 0x0000000084500000, 0x0000000084500000| Untracked 
|  40|0x0000000084600000, 0x0000000084600000, 0x0000000084700000|  0%| F|  |TAMS 0x0000000084600000, 0x0000000084600000| Untracked 
|  41|0x0000000084700000, 0x0000000084700000, 0x0000000084800000|  0%| F|  |TAMS 0x0000000084700000, 0x0000000084700000| Untracked 
|  42|0x0000000084800000, 0x0000000084800000, 0x0000000084900000|  0%| F|  |TAMS 0x0000000084800000, 0x0000000084800000| Untracked 
|  43|0x0000000084900000, 0x0000000084900000, 0x0000000084a00000|  0%| F|  |TAMS 0x0000000084900000, 0x0000000084900000| Untracked 
|  44|0x0000000084a00000, 0x0000000084a00000, 0x0000000084b00000|  0%| F|  |TAMS 0x0000000084a00000, 0x0000000084a00000| Untracked 
|  45|0x0000000084b00000, 0x0000000084b00000, 0x0000000084c00000|  0%| F|  |TAMS 0x0000000084b00000, 0x0000000084b00000| Untracked 
|  46|0x0000000084c00000, 0x0000000084c00000, 0x0000000084d00000|  0%| F|  |TAMS 0x0000000084c00000, 0x0000000084c00000| Untracked 
|  47|0x0000000084d00000, 0x0000000084d00000, 0x0000000084e00000|  0%| F|  |TAMS 0x0000000084d00000, 0x0000000084d00000| Untracked 
|  48|0x0000000084e00000, 0x0000000084e00000, 0x0000000084f00000|  0%| F|  |TAMS 0x0000000084e00000, 0x0000000084e00000| Untracked 
|  49|0x0000000084f00000, 0x0000000084f00000, 0x0000000085000000|  0%| F|  |TAMS 0x0000000084f00000, 0x0000000084f00000| Untracked 
|  50|0x0000000085000000, 0x0000000085000000, 0x0000000085100000|  0%| F|  |TAMS 0x0000000085000000, 0x0000000085000000| Untracked 
|  51|0x0000000085100000, 0x0000000085100000, 0x0000000085200000|  0%| F|  |TAMS 0x0000000085100000, 0x0000000085100000| Untracked 
|  52|0x0000000085200000, 0x0000000085200000, 0x0000000085300000|  0%| F|  |TAMS 0x0000000085200000, 0x0000000085200000| Untracked 
|  53|0x0000000085300000, 0x0000000085300000, 0x0000000085400000|  0%| F|  |TAMS 0x0000000085300000, 0x0000000085300000| Untracked 
|  54|0x0000000085400000, 0x0000000085400000, 0x0000000085500000|  0%| F|  |TAMS 0x0000000085400000, 0x0000000085400000| Untracked 
|  55|0x0000000085500000, 0x0000000085500000, 0x0000000085600000|  0%| F|  |TAMS 0x0000000085500000, 0x0000000085500000| Untracked 
|  56|0x0000000085600000, 0x0000000085600000, 0x0000000085700000|  0%| F|  |TAMS 0x0000000085600000, 0x0000000085600000| Untracked 
|  57|0x0000000085700000, 0x0000000085700000, 0x0000000085800000|  0%| F|  |TAMS 0x0000000085700000, 0x0000000085700000| Untracked 
|  58|0x0000000085800000, 0x0000000085800000, 0x0000000085900000|  0%| F|  |TAMS 0x0000000085800000, 0x0000000085800000| Untracked 
|  59|0x0000000085900000, 0x0000000085900000, 0x0000000085a00000|  0%| F|  |TAMS 0x0000000085900000, 0x0000000085900000| Untracked 
|  60|0x0000000085a00000, 0x0000000085a00000, 0x0000000085b00000|  0%| F|  |TAMS 0x0000000085a00000, 0x0000000085a00000| Untracked 
|  61|0x0000000085b00000, 0x0000000085b00000, 0x0000000085c00000|  0%| F|  |TAMS 0x0000000085b00000, 0x0000000085b00000| Untracked 
|  62|0x0000000085c00000, 0x0000000085c00000, 0x0000000085d00000|  0%| F|  |TAMS 0x0000000085c00000, 0x0000000085c00000| Untracked 
|  63|0x0000000085d00000, 0x0000000085d00000, 0x0000000085e00000|  0%| F|  |TAMS 0x0000000085d00000, 0x0000000085d00000| Untracked 
|  64|0x0000000085e00000, 0x0000000085e00000, 0x0000000085f00000|  0%| F|  |TAMS 0x0000000085e00000, 0x0000000085e00000| Untracked 
|  65|0x0000000085f00000, 0x0000000085f00000, 0x0000000086000000|  0%| F|  |TAMS 0x0000000085f00000, 0x0000000085f00000| Untracked 
|  66|0x0000000086000000, 0x0000000086000000, 0x0000000086100000|  0%| F|  |TAMS 0x0000000086000000, 0x0000000086000000| Untracked 
|  67|0x0000000086100000, 0x0000000086100000, 0x0000000086200000|  0%| F|  |TAMS 0x0000000086100000, 0x0000000086100000| Untracked 
|  68|0x0000000086200000, 0x0000000086200000, 0x0000000086300000|  0%| F|  |TAMS 0x0000000086200000, 0x0000000086200000| Untracked 
|  69|0x0000000086300000, 0x0000000086300000, 0x0000000086400000|  0%| F|  |TAMS 0x0000000086300000, 0x0000000086300000| Untracked 
|  70|0x0000000086400000, 0x0000000086400000, 0x0000000086500000|  0%| F|  |TAMS 0x0000000086400000, 0x0000000086400000| Untracked 
|  71|0x0000000086500000, 0x0000000086500000, 0x0000000086600000|  0%| F|  |TAMS 0x0000000086500000, 0x0000000086500000| Untracked 
|  72|0x0000000086600000, 0x0000000086600000, 0x0000000086700000|  0%| F|  |TAMS 0x0000000086600000, 0x0000000086600000| Untracked 
|  73|0x0000000086700000, 0x0000000086700000, 0x0000000086800000|  0%| F|  |TAMS 0x0000000086700000, 0x0000000086700000| Untracked 
|  74|0x0000000086800000, 0x0000000086800000, 0x0000000086900000|  0%| F|  |TAMS 0x0000000086800000, 0x0000000086800000| Untracked 
|  75|0x0000000086900000, 0x0000000086900000, 0x0000000086a00000|  0%| F|  |TAMS 0x0000000086900000, 0x0000000086900000| Untracked 
|  76|0x0000000086a00000, 0x0000000086a00000, 0x0000000086b00000|  0%| F|  |TAMS 0x0000000086a00000, 0x0000000086a00000| Untracked 
|  77|0x0000000086b00000, 0x0000000086b00000, 0x0000000086c00000|  0%| F|  |TAMS 0x0000000086b00000, 0x0000000086b00000| Untracked 
|  78|0x0000000086c00000, 0x0000000086c00000, 0x0000000086d00000|  0%| F|  |TAMS 0x0000000086c00000, 0x0000000086c00000| Untracked 
|  79|0x0000000086d00000, 0x0000000086d00000, 0x0000000086e00000|  0%| F|  |TAMS 0x0000000086d00000, 0x0000000086d00000| Untracked 
|  80|0x0000000086e00000, 0x0000000086e00000, 0x0000000086f00000|  0%| F|  |TAMS 0x0000000086e00000, 0x0000000086e00000| Untracked 
|  81|0x0000000086f00000, 0x0000000086f00000, 0x0000000087000000|  0%| F|  |TAMS 0x0000000086f00000, 0x0000000086f00000| Untracked 
|  82|0x0000000087000000, 0x0000000087000000, 0x0000000087100000|  0%| F|  |TAMS 0x0000000087000000, 0x0000000087000000| Untracked 
|  83|0x0000000087100000, 0x0000000087100000, 0x0000000087200000|  0%| F|  |TAMS 0x0000000087100000, 0x0000000087100000| Untracked 
|  84|0x0000000087200000, 0x0000000087200000, 0x0000000087300000|  0%| F|  |TAMS 0x0000000087200000, 0x0000000087200000| Untracked 
|  85|0x0000000087300000, 0x0000000087300000, 0x0000000087400000|  0%| F|  |TAMS 0x0000000087300000, 0x0000000087300000| Untracked 
|  86|0x0000000087400000, 0x0000000087400000, 0x0000000087500000|  0%| F|  |TAMS 0x0000000087400000, 0x0000000087400000| Untracked 
|  87|0x0000000087500000, 0x0000000087500000, 0x0000000087600000|  0%| F|  |TAMS 0x0000000087500000, 0x0000000087500000| Untracked 
|  88|0x0000000087600000, 0x0000000087600000, 0x0000000087700000|  0%| F|  |TAMS 0x0000000087600000, 0x0000000087600000| Untracked 
|  89|0x0000000087700000, 0x0000000087700000, 0x0000000087800000|  0%| F|  |TAMS 0x0000000087700000, 0x0000000087700000| Untracked 
|  90|0x0000000087800000, 0x0000000087800000, 0x0000000087900000|  0%| F|  |TAMS 0x0000000087800000, 0x0000000087800000| Untracked 
|  91|0x0000000087900000, 0x0000000087900000, 0x0000000087a00000|  0%| F|  |TAMS 0x0000000087900000, 0x0000000087900000| Untracked 
|  92|0x0000000087a00000, 0x0000000087a00000, 0x0000000087b00000|  0%| F|  |TAMS 0x0000000087a00000, 0x0000000087a00000| Untracked 
|  93|0x0000000087b00000, 0x0000000087b00000, 0x0000000087c00000|  0%| F|  |TAMS 0x0000000087b00000, 0x0000000087b00000| Untracked 
|  94|0x0000000087c00000, 0x0000000087c00000, 0x0000000087d00000|  0%| F|  |TAMS 0x0000000087c00000, 0x0000000087c00000| Untracked 
|  95|0x0000000087d00000, 0x0000000087d80800, 0x0000000087e00000| 50%| E|  |TAMS 0x0000000087d00000, 0x0000000087d00000| Complete 
|  96|0x0000000087e00000, 0x0000000087f00000, 0x0000000087f00000|100%| E|CS|TAMS 0x0000000087e00000, 0x0000000087e00000| Complete 
|  97|0x0000000087f00000, 0x0000000088000000, 0x0000000088000000|100%| E|CS|TAMS 0x0000000087f00000, 0x0000000087f00000| Complete 
|  98|0x0000000088000000, 0x0000000088100000, 0x0000000088100000|100%| E|CS|TAMS 0x0000000088000000, 0x0000000088000000| Complete 
|  99|0x0000000088100000, 0x0000000088200000, 0x0000000088200000|100%| E|CS|TAMS 0x0000000088100000, 0x0000000088100000| Complete 
| 100|0x0000000088200000, 0x0000000088300000, 0x0000000088300000|100%| E|CS|TAMS 0x0000000088200000, 0x0000000088200000| Complete 
| 101|0x0000000088300000, 0x0000000088400000, 0x0000000088400000|100%| E|CS|TAMS 0x0000000088300000, 0x0000000088300000| Complete 
| 102|0x0000000088400000, 0x0000000088500000, 0x0000000088500000|100%| E|CS|TAMS 0x0000000088400000, 0x0000000088400000| Complete 
| 103|0x0000000088500000, 0x0000000088600000, 0x0000000088600000|100%| E|CS|TAMS 0x0000000088500000, 0x0000000088500000| Complete 
| 104|0x0000000088600000, 0x0000000088700000, 0x0000000088700000|100%| E|CS|TAMS 0x0000000088600000, 0x0000000088600000| Complete 
| 105|0x0000000088700000, 0x0000000088800000, 0x0000000088800000|100%| E|CS|TAMS 0x0000000088700000, 0x0000000088700000| Complete 
| 106|0x0000000088800000, 0x0000000088900000, 0x0000000088900000|100%| E|CS|TAMS 0x0000000088800000, 0x0000000088800000| Complete 
| 107|0x0000000088900000, 0x0000000088a00000, 0x0000000088a00000|100%| E|CS|TAMS 0x0000000088900000, 0x0000000088900000| Complete 
| 108|0x0000000088a00000, 0x0000000088b00000, 0x0000000088b00000|100%| E|CS|TAMS 0x0000000088a00000, 0x0000000088a00000| Complete 
| 109|0x0000000088b00000, 0x0000000088c00000, 0x0000000088c00000|100%| E|CS|TAMS 0x0000000088b00000, 0x0000000088b00000| Complete 
| 110|0x0000000088c00000, 0x0000000088d00000, 0x0000000088d00000|100%| E|CS|TAMS 0x0000000088c00000, 0x0000000088c00000| Complete 
| 111|0x0000000088d00000, 0x0000000088e00000, 0x0000000088e00000|100%| E|CS|TAMS 0x0000000088d00000, 0x0000000088d00000| Complete 
| 112|0x0000000088e00000, 0x0000000088f00000, 0x0000000088f00000|100%| E|CS|TAMS 0x0000000088e00000, 0x0000000088e00000| Complete 
| 113|0x0000000088f00000, 0x0000000089000000, 0x0000000089000000|100%| E|CS|TAMS 0x0000000088f00000, 0x0000000088f00000| Complete 
| 114|0x0000000089000000, 0x0000000089100000, 0x0000000089100000|100%| S|CS|TAMS 0x0000000089000000, 0x0000000089000000| Complete 
| 115|0x0000000089100000, 0x0000000089200000, 0x0000000089200000|100%| S|CS|TAMS 0x0000000089100000, 0x0000000089100000| Complete 
| 116|0x0000000089200000, 0x0000000089300000, 0x0000000089300000|100%| S|CS|TAMS 0x0000000089200000, 0x0000000089200000| Complete 
| 117|0x0000000089300000, 0x0000000089400000, 0x0000000089400000|100%| S|CS|TAMS 0x0000000089300000, 0x0000000089300000| Complete 
| 118|0x0000000089400000, 0x0000000089500000, 0x0000000089500000|100%| S|CS|TAMS 0x0000000089400000, 0x0000000089400000| Complete 
| 119|0x0000000089500000, 0x0000000089600000, 0x0000000089600000|100%| S|CS|TAMS 0x0000000089500000, 0x0000000089500000| Complete 
| 120|0x0000000089600000, 0x0000000089700000, 0x0000000089700000|100%| S|CS|TAMS 0x0000000089600000, 0x0000000089600000| Complete 
| 121|0x0000000089700000, 0x0000000089800000, 0x0000000089800000|100%| S|CS|TAMS 0x0000000089700000, 0x0000000089700000| Complete 
| 122|0x0000000089800000, 0x0000000089900000, 0x0000000089900000|100%| S|CS|TAMS 0x0000000089800000, 0x0000000089800000| Complete 
| 123|0x0000000089900000, 0x0000000089a00000, 0x0000000089a00000|100%| E|CS|TAMS 0x0000000089900000, 0x0000000089900000| Complete 
| 124|0x0000000089a00000, 0x0000000089b00000, 0x0000000089b00000|100%| E|CS|TAMS 0x0000000089a00000, 0x0000000089a00000| Complete 
| 125|0x0000000089b00000, 0x0000000089c00000, 0x0000000089c00000|100%| E|CS|TAMS 0x0000000089b00000, 0x0000000089b00000| Complete 
| 126|0x0000000089c00000, 0x0000000089d00000, 0x0000000089d00000|100%| E|CS|TAMS 0x0000000089c00000, 0x0000000089c00000| Complete 
| 127|0x0000000089d00000, 0x0000000089e00000, 0x0000000089e00000|100%| E|CS|TAMS 0x0000000089d00000, 0x0000000089d00000| Complete 
| 128|0x0000000089e00000, 0x0000000089f00000, 0x0000000089f00000|100%| E|CS|TAMS 0x0000000089e00000, 0x0000000089e00000| Complete 
| 129|0x0000000089f00000, 0x000000008a000000, 0x000000008a000000|100%| E|CS|TAMS 0x0000000089f00000, 0x0000000089f00000| Complete 
| 130|0x000000008a000000, 0x000000008a100000, 0x000000008a100000|100%| E|CS|TAMS 0x000000008a000000, 0x000000008a000000| Complete 
| 131|0x000000008a100000, 0x000000008a200000, 0x000000008a200000|100%| E|CS|TAMS 0x000000008a100000, 0x000000008a100000| Complete 
| 132|0x000000008a200000, 0x000000008a300000, 0x000000008a300000|100%| E|CS|TAMS 0x000000008a200000, 0x000000008a200000| Complete 
| 133|0x000000008a300000, 0x000000008a400000, 0x000000008a400000|100%| E|CS|TAMS 0x000000008a300000, 0x000000008a300000| Complete 
| 134|0x000000008a400000, 0x000000008a500000, 0x000000008a500000|100%| E|CS|TAMS 0x000000008a400000, 0x000000008a400000| Complete 
| 135|0x000000008a500000, 0x000000008a600000, 0x000000008a600000|100%| E|CS|TAMS 0x000000008a500000, 0x000000008a500000| Complete 
| 136|0x000000008a600000, 0x000000008a700000, 0x000000008a700000|100%| E|CS|TAMS 0x000000008a600000, 0x000000008a600000| Complete 
| 137|0x000000008a700000, 0x000000008a800000, 0x000000008a800000|100%| E|CS|TAMS 0x000000008a700000, 0x000000008a700000| Complete 
| 138|0x000000008a800000, 0x000000008a900000, 0x000000008a900000|100%| E|CS|TAMS 0x000000008a800000, 0x000000008a800000| Complete 
| 139|0x000000008a900000, 0x000000008aa00000, 0x000000008aa00000|100%| E|CS|TAMS 0x000000008a900000, 0x000000008a900000| Complete 
| 140|0x000000008aa00000, 0x000000008ab00000, 0x000000008ab00000|100%| E|CS|TAMS 0x000000008aa00000, 0x000000008aa00000| Complete 
| 141|0x000000008ab00000, 0x000000008ac00000, 0x000000008ac00000|100%| E|CS|TAMS 0x000000008ab00000, 0x000000008ab00000| Complete 
| 142|0x000000008ac00000, 0x000000008ad00000, 0x000000008ad00000|100%| E|CS|TAMS 0x000000008ac00000, 0x000000008ac00000| Complete 
| 143|0x000000008ad00000, 0x000000008ae00000, 0x000000008ae00000|100%| E|CS|TAMS 0x000000008ad00000, 0x000000008ad00000| Complete 
| 144|0x000000008ae00000, 0x000000008af00000, 0x000000008af00000|100%| E|CS|TAMS 0x000000008ae00000, 0x000000008ae00000| Complete 
| 145|0x000000008af00000, 0x000000008b000000, 0x000000008b000000|100%| E|CS|TAMS 0x000000008af00000, 0x000000008af00000| Complete 
| 146|0x000000008b000000, 0x000000008b100000, 0x000000008b100000|100%| E|CS|TAMS 0x000000008b000000, 0x000000008b000000| Complete 
| 147|0x000000008b100000, 0x000000008b200000, 0x000000008b200000|100%| E|CS|TAMS 0x000000008b100000, 0x000000008b100000| Complete 
| 148|0x000000008b200000, 0x000000008b300000, 0x000000008b300000|100%| E|CS|TAMS 0x000000008b200000, 0x000000008b200000| Complete 
| 149|0x000000008b300000, 0x000000008b400000, 0x000000008b400000|100%| E|CS|TAMS 0x000000008b300000, 0x000000008b300000| Complete 
| 150|0x000000008b400000, 0x000000008b500000, 0x000000008b500000|100%| E|CS|TAMS 0x000000008b400000, 0x000000008b400000| Complete 
| 151|0x000000008b500000, 0x000000008b600000, 0x000000008b600000|100%| E|CS|TAMS 0x000000008b500000, 0x000000008b500000| Complete 
| 152|0x000000008b600000, 0x000000008b700000, 0x000000008b700000|100%| E|CS|TAMS 0x000000008b600000, 0x000000008b600000| Complete 
| 153|0x000000008b700000, 0x000000008b800000, 0x000000008b800000|100%| E|CS|TAMS 0x000000008b700000, 0x000000008b700000| Complete 
| 154|0x000000008b800000, 0x000000008b900000, 0x000000008b900000|100%| E|CS|TAMS 0x000000008b800000, 0x000000008b800000| Complete 
| 155|0x000000008b900000, 0x000000008ba00000, 0x000000008ba00000|100%| E|CS|TAMS 0x000000008b900000, 0x000000008b900000| Complete 
| 156|0x000000008ba00000, 0x000000008bb00000, 0x000000008bb00000|100%| E|CS|TAMS 0x000000008ba00000, 0x000000008ba00000| Complete 
| 157|0x000000008bb00000, 0x000000008bc00000, 0x000000008bc00000|100%| E|CS|TAMS 0x000000008bb00000, 0x000000008bb00000| Complete 
| 158|0x000000008bc00000, 0x000000008bd00000, 0x000000008bd00000|100%| E|CS|TAMS 0x000000008bc00000, 0x000000008bc00000| Complete 
| 159|0x000000008bd00000, 0x000000008be00000, 0x000000008be00000|100%| E|CS|TAMS 0x000000008bd00000, 0x000000008bd00000| Complete 
| 160|0x000000008be00000, 0x000000008bf00000, 0x000000008bf00000|100%| E|CS|TAMS 0x000000008be00000, 0x000000008be00000| Complete 
| 161|0x000000008bf00000, 0x000000008c000000, 0x000000008c000000|100%| E|CS|TAMS 0x000000008bf00000, 0x000000008bf00000| Complete 
| 162|0x000000008c000000, 0x000000008c100000, 0x000000008c100000|100%| E|CS|TAMS 0x000000008c000000, 0x000000008c000000| Complete 
| 163|0x000000008c100000, 0x000000008c200000, 0x000000008c200000|100%| E|CS|TAMS 0x000000008c100000, 0x000000008c100000| Complete 
| 164|0x000000008c200000, 0x000000008c300000, 0x000000008c300000|100%| E|CS|TAMS 0x000000008c200000, 0x000000008c200000| Complete 
| 165|0x000000008c300000, 0x000000008c400000, 0x000000008c400000|100%| E|CS|TAMS 0x000000008c300000, 0x000000008c300000| Complete 
| 166|0x000000008c400000, 0x000000008c500000, 0x000000008c500000|100%| E|CS|TAMS 0x000000008c400000, 0x000000008c400000| Complete 
| 167|0x000000008c500000, 0x000000008c600000, 0x000000008c600000|100%| E|CS|TAMS 0x000000008c500000, 0x000000008c500000| Complete 
| 168|0x000000008c600000, 0x000000008c700000, 0x000000008c700000|100%| E|CS|TAMS 0x000000008c600000, 0x000000008c600000| Complete 
| 169|0x000000008c700000, 0x000000008c800000, 0x000000008c800000|100%| E|CS|TAMS 0x000000008c700000, 0x000000008c700000| Complete 
| 170|0x000000008c800000, 0x000000008c900000, 0x000000008c900000|100%| E|CS|TAMS 0x000000008c800000, 0x000000008c800000| Complete 
| 171|0x000000008c900000, 0x000000008ca00000, 0x000000008ca00000|100%| E|CS|TAMS 0x000000008c900000, 0x000000008c900000| Complete 
| 172|0x000000008ca00000, 0x000000008cb00000, 0x000000008cb00000|100%| E|CS|TAMS 0x000000008ca00000, 0x000000008ca00000| Complete 
| 173|0x000000008cb00000, 0x000000008cc00000, 0x000000008cc00000|100%| E|CS|TAMS 0x000000008cb00000, 0x000000008cb00000| Complete 
| 174|0x000000008cc00000, 0x000000008cd00000, 0x000000008cd00000|100%| E|CS|TAMS 0x000000008cc00000, 0x000000008cc00000| Complete 
| 175|0x000000008cd00000, 0x000000008ce00000, 0x000000008ce00000|100%| E|CS|TAMS 0x000000008cd00000, 0x000000008cd00000| Complete 
| 176|0x000000008ce00000, 0x000000008cf00000, 0x000000008cf00000|100%| E|CS|TAMS 0x000000008ce00000, 0x000000008ce00000| Complete 
| 177|0x000000008cf00000, 0x000000008d000000, 0x000000008d000000|100%| E|CS|TAMS 0x000000008cf00000, 0x000000008cf00000| Complete 
| 178|0x000000008d000000, 0x000000008d100000, 0x000000008d100000|100%| E|CS|TAMS 0x000000008d000000, 0x000000008d000000| Complete 
| 179|0x000000008d100000, 0x000000008d200000, 0x000000008d200000|100%| E|CS|TAMS 0x000000008d100000, 0x000000008d100000| Complete 
| 180|0x000000008d200000, 0x000000008d300000, 0x000000008d300000|100%| E|CS|TAMS 0x000000008d200000, 0x000000008d200000| Complete 
| 181|0x000000008d300000, 0x000000008d400000, 0x000000008d400000|100%| E|CS|TAMS 0x000000008d300000, 0x000000008d300000| Complete 
| 182|0x000000008d400000, 0x000000008d500000, 0x000000008d500000|100%| E|CS|TAMS 0x000000008d400000, 0x000000008d400000| Complete 
| 183|0x000000008d500000, 0x000000008d600000, 0x000000008d600000|100%| E|CS|TAMS 0x000000008d500000, 0x000000008d500000| Complete 
| 184|0x000000008d600000, 0x000000008d700000, 0x000000008d700000|100%| E|CS|TAMS 0x000000008d600000, 0x000000008d600000| Complete 

Card table byte_map: [0x0000015cfdd10000,0x0000015cfe110000] _byte_map_base: 0x0000015cfd901000

Marking Bits (Prev, Next): (CMBitMap*) 0x0000015cfd89fab0, (CMBitMap*) 0x0000015cfd89fa78
 Prev Bits: [0x0000015c995a0000, 0x0000015c9b528000)
 Next Bits: [0x0000015c97610000, 0x0000015c99598000)

Polling page: 0x0000015cfb6f0000

Metaspace:

Usage:
  Non-class:     59.14 MB capacity,    58.14 MB ( 98%) used,   801.02 KB (  1%) free+waste,   220.63 KB ( <1%) overhead. 
      Class:      9.24 MB capacity,     8.52 MB ( 92%) used,   629.02 KB (  7%) free+waste,   103.06 KB (  1%) overhead. 
       Both:     68.37 MB capacity,    66.66 MB ( 97%) used,     1.40 MB (  2%) free+waste,   323.69 KB ( <1%) overhead. 

Virtual space:
  Non-class space:       60.00 MB reserved,      59.25 MB ( 99%) committed 
      Class space:        1.00 GB reserved,       9.25 MB ( <1%) committed 
             Both:        1.06 GB reserved,      68.50 MB (  6%) committed 

Chunk freelists:
   Non-Class:  51.00 KB
       Class:  15.00 KB
        Both:  66.00 KB

MaxMetaspaceSize: 17179869184.00 GB
CompressedClassSpaceSize: 1.00 GB

CodeHeap 'non-profiled nmethods': size=120064Kb used=3432Kb max_used=3432Kb free=116631Kb
 bounds [0x0000015c900d0000, 0x0000015c90430000, 0x0000015c97610000]
CodeHeap 'profiled nmethods': size=120000Kb used=12613Kb max_used=12613Kb free=107386Kb
 bounds [0x0000015c88ba0000, 0x0000015c89800000, 0x0000015c900d0000]
CodeHeap 'non-nmethods': size=5696Kb used=1215Kb max_used=1251Kb free=4481Kb
 bounds [0x0000015c88610000, 0x0000015c88880000, 0x0000015c88ba0000]
 total_blobs=6141 nmethods=5563 adapters=488
 compilation: enabled
              stopped_count=0, restarted_count=0
 full_count=0

Compilation events (20 events):
Event: 9.794 Thread 0x0000015cfea37000 nmethod 5653 0x0000015c897b1a90 code [0x0000015c897b1c60, 0x0000015c897b1ea8]
Event: 9.795 Thread 0x0000015cfea37000 5654       2       sun.nio.fs.WindowsPath::normalize (5 bytes)
Event: 9.795 Thread 0x0000015cfea37000 nmethod 5654 0x0000015c897b2010 code [0x0000015c897b21c0, 0x0000015c897b22c8]
Event: 9.795 Thread 0x0000015cfea37000 5655       2       org.springframework.asm.ClassReader::accept (1401 bytes)
Event: 9.802 Thread 0x0000015cfea37000 nmethod 5655 0x0000015c897b2390 code [0x0000015c897b2b40, 0x0000015c897b7118]
Event: 9.802 Thread 0x0000015cfea37000 5656       2       org.springframework.asm.ClassReader::readField (666 bytes)
Event: 9.805 Thread 0x0000015cfea37000 nmethod 5656 0x0000015c897bae90 code [0x0000015c897bb2a0, 0x0000015c897bcab8]
Event: 9.805 Thread 0x0000015cfea37000 5658       2       java.lang.Class::searchMethods (104 bytes)
Event: 9.806 Thread 0x0000015cfea37000 nmethod 5658 0x0000015c897be010 code [0x0000015c897be220, 0x0000015c897be658]
Event: 9.806 Thread 0x0000015cfea37000 5657       2       org.springframework.asm.Label::accept (65 bytes)
Event: 9.806 Thread 0x0000015cfea37000 nmethod 5657 0x0000015c897be910 code [0x0000015c897beb00, 0x0000015c897beda8]
Event: 9.806 Thread 0x0000015cfea37000 5659       2       org.springframework.asm.Label::addLineNumber (89 bytes)
Event: 9.806 Thread 0x0000015cfea37000 nmethod 5659 0x0000015c897bef90 code [0x0000015c897bf160, 0x0000015c897bf5a8]
Event: 9.806 Thread 0x0000015cfea37000 5660       2       org.springframework.asm.MethodVisitor::visitLineNumber (17 bytes)
Event: 9.806 Thread 0x0000015cfea37000 nmethod 5660 0x0000015c897bf790 code [0x0000015c897bf940, 0x0000015c897bfa68]
Event: 9.820 Thread 0x0000015cfea37000 5663       2       com.sun.proxy.$Proxy47::<init> (6 bytes)
Event: 9.821 Thread 0x0000015cfea37000 nmethod 5663 0x0000015c897bfb10 code [0x0000015c897bfce0, 0x0000015c897bff08]
Event: 9.821 Thread 0x0000015cfea37000 5664   !   2       jdk.internal.reflect.GeneratedConstructorAccessor30::newInstance (53 bytes)
Event: 9.821 Thread 0x0000015cfea37000 nmethod 5664 0x0000015c897c0010 code [0x0000015c897c0220, 0x0000015c897c0788]
Event: 9.821 Thread 0x0000015cfea37000 5665       2       org.springframework.beans.factory.support.AbstractAutowireCapableBeanFactory::populateBean (372 bytes)

GC Heap History (20 events):
Event: 0.672 GC heap before
{Heap before GC invocations=1 (full 0):
 garbage-first heap   total 131072K, used 16157K [0x0000000081e00000, 0x0000000100000000)
  region size 1024K, 12 young (12288K), 2 survivors (2048K)
 Metaspace       used 11360K, capacity 11615K, committed 11648K, reserved 1060864K
  class space    used 1097K, capacity 1151K, committed 1152K, reserved 1048576K
}
Event: 0.676 GC heap after
{Heap after GC invocations=2 (full 0):
 garbage-first heap   total 131072K, used 7562K [0x0000000081e00000, 0x0000000100000000)
  region size 1024K, 1 young (1024K), 1 survivors (1024K)
 Metaspace       used 11360K, capacity 11615K, committed 11648K, reserved 1060864K
  class space    used 1097K, capacity 1151K, committed 1152K, reserved 1048576K
}
Event: 0.699 GC heap before
{Heap before GC invocations=2 (full 0):
 garbage-first heap   total 131072K, used 32138K [0x0000000081e00000, 0x0000000100000000)
  region size 1024K, 26 young (26624K), 1 survivors (1024K)
 Metaspace       used 11366K, capacity 11615K, committed 11648K, reserved 1060864K
  class space    used 1097K, capacity 1151K, committed 1152K, reserved 1048576K
}
Event: 0.700 GC heap after
{Heap after GC invocations=3 (full 0):
 garbage-first heap   total 131072K, used 7630K [0x0000000081e00000, 0x0000000100000000)
  region size 1024K, 1 young (1024K), 1 survivors (1024K)
 Metaspace       used 11366K, capacity 11615K, committed 11648K, reserved 1060864K
  class space    used 1097K, capacity 1151K, committed 1152K, reserved 1048576K
}
Event: 1.234 GC heap before
{Heap before GC invocations=3 (full 0):
 garbage-first heap   total 131072K, used 47566K [0x0000000081e00000, 0x0000000100000000)
  region size 1024K, 41 young (41984K), 1 survivors (1024K)
 Metaspace       used 17244K, capacity 17730K, committed 17920K, reserved 1064960K
  class space    used 1872K, capacity 2036K, committed 2048K, reserved 1048576K
}
Event: 1.238 GC heap after
{Heap after GC invocations=4 (full 0):
 garbage-first heap   total 131072K, used 9090K [0x0000000081e00000, 0x0000000100000000)
  region size 1024K, 3 young (3072K), 3 survivors (3072K)
 Metaspace       used 17244K, capacity 17730K, committed 17920K, reserved 1064960K
  class space    used 1872K, capacity 2036K, committed 2048K, reserved 1048576K
}
Event: 1.488 GC heap before
{Heap before GC invocations=4 (full 0):
 garbage-first heap   total 131072K, used 27522K [0x0000000081e00000, 0x0000000100000000)
  region size 1024K, 22 young (22528K), 3 survivors (3072K)
 Metaspace       used 20663K, capacity 21193K, committed 21248K, reserved 1069056K
  class space    used 2328K, capacity 2526K, committed 2560K, reserved 1048576K
}
Event: 1.491 GC heap after
{Heap after GC invocations=5 (full 0):
 garbage-first heap   total 131072K, used 9807K [0x0000000081e00000, 0x0000000100000000)
  region size 1024K, 3 young (3072K), 3 survivors (3072K)
 Metaspace       used 20663K, capacity 21193K, committed 21248K, reserved 1069056K
  class space    used 2328K, capacity 2526K, committed 2560K, reserved 1048576K
}
Event: 1.887 GC heap before
{Heap before GC invocations=6 (full 0):
 garbage-first heap   total 131072K, used 83535K [0x0000000081e00000, 0x0000000100000000)
  region size 1024K, 76 young (77824K), 3 survivors (3072K)
 Metaspace       used 26447K, capacity 27118K, committed 27264K, reserved 1073152K
  class space    used 3059K, capacity 3329K, committed 3456K, reserved 1048576K
}
Event: 1.893 GC heap after
{Heap after GC invocations=7 (full 0):
 garbage-first heap   total 157696K, used 11500K [0x0000000081e00000, 0x0000000100000000)
  region size 1024K, 5 young (5120K), 5 survivors (5120K)
 Metaspace       used 26447K, capacity 27118K, committed 27264K, reserved 1073152K
  class space    used 3059K, capacity 3329K, committed 3456K, reserved 1048576K
}
Event: 2.890 GC heap before
{Heap before GC invocations=7 (full 0):
 garbage-first heap   total 157696K, used 99564K [0x0000000081e00000, 0x0000000100000000)
  region size 1024K, 92 young (94208K), 5 survivors (5120K)
 Metaspace       used 31877K, capacity 32713K, committed 32768K, reserved 1077248K
  class space    used 3725K, capacity 4059K, committed 4096K, reserved 1048576K
}
Event: 2.896 GC heap after
{Heap after GC invocations=8 (full 0):
 garbage-first heap   total 157696K, used 14656K [0x0000000081e00000, 0x0000000100000000)
  region size 1024K, 8 young (8192K), 8 survivors (8192K)
 Metaspace       used 31877K, capacity 32713K, committed 32768K, reserved 1077248K
  class space    used 3725K, capacity 4059K, committed 4096K, reserved 1048576K
}
Event: 3.407 GC heap before
{Heap before GC invocations=8 (full 0):
 garbage-first heap   total 157696K, used 43328K [0x0000000081e00000, 0x0000000100000000)
  region size 1024K, 37 young (37888K), 8 survivors (8192K)
 Metaspace       used 34820K, capacity 35675K, committed 35840K, reserved 1081344K
  class space    used 4128K, capacity 4486K, committed 4608K, reserved 1048576K
}
Event: 3.419 GC heap after
{Heap after GC invocations=9 (full 0):
 garbage-first heap   total 157696K, used 15711K [0x0000000081e00000, 0x0000000100000000)
  region size 1024K, 7 young (7168K), 7 survivors (7168K)
 Metaspace       used 34820K, capacity 35675K, committed 35840K, reserved 1081344K
  class space    used 4128K, capacity 4486K, committed 4608K, reserved 1048576K
}
Event: 5.451 GC heap before
{Heap before GC invocations=10 (full 0):
 garbage-first heap   total 157696K, used 101727K [0x0000000081e00000, 0x0000000100000000)
  region size 1024K, 92 young (94208K), 7 survivors (7168K)
 Metaspace       used 40340K, capacity 41504K, committed 41728K, reserved 1085440K
  class space    used 4849K, capacity 5309K, committed 5376K, reserved 1048576K
}
Event: 5.459 GC heap after
{Heap after GC invocations=11 (full 0):
 garbage-first heap   total 157696K, used 18446K [0x0000000081e00000, 0x0000000100000000)
  region size 1024K, 10 young (10240K), 10 survivors (10240K)
 Metaspace       used 40340K, capacity 41504K, committed 41728K, reserved 1085440K
  class space    used 4849K, capacity 5309K, committed 5376K, reserved 1048576K
}
Event: 7.114 GC heap before
{Heap before GC invocations=11 (full 0):
 garbage-first heap   total 157696K, used 101390K [0x0000000081e00000, 0x0000000100000000)
  region size 1024K, 92 young (94208K), 10 survivors (10240K)
 Metaspace       used 48289K, capacity 49662K, committed 49792K, reserved 1093632K
  class space    used 5869K, capacity 6408K, committed 6528K, reserved 1048576K
}
Event: 7.125 GC heap after
{Heap after GC invocations=12 (full 0):
 garbage-first heap   total 189440K, used 20728K [0x0000000081e00000, 0x0000000100000000)
  region size 1024K, 7 young (7168K), 7 survivors (7168K)
 Metaspace       used 48289K, capacity 49662K, committed 49792K, reserved 1093632K
  class space    used 5869K, capacity 6408K, committed 6528K, reserved 1048576K
}
Event: 8.460 GC heap before
{Heap before GC invocations=12 (full 0):
 garbage-first heap   total 189440K, used 83192K [0x0000000081e00000, 0x0000000100000000)
  region size 1024K, 69 young (70656K), 7 survivors (7168K)
 Metaspace       used 58710K, capacity 60036K, committed 60160K, reserved 1101824K
  class space    used 7505K, capacity 8071K, committed 8192K, reserved 1048576K
}
Event: 8.471 GC heap after
{Heap after GC invocations=13 (full 0):
 garbage-first heap   total 189440K, used 22776K [0x0000000081e00000, 0x0000000100000000)
  region size 1024K, 9 young (9216K), 9 survivors (9216K)
 Metaspace       used 58710K, capacity 60036K, committed 60160K, reserved 1101824K
  class space    used 7505K, capacity 8071K, committed 8192K, reserved 1048576K
}

Deoptimization events (20 events):
Event: 9.496 Thread 0x0000015c9da65800 Uncommon trap: trap_request=0xffffff4d fr.pc=0x0000015c902c8fb4 relative=0x0000000000001374
Event: 9.496 Thread 0x0000015c9da65800 Uncommon trap: reason=unstable_if action=reinterpret pc=0x0000015c902c8fb4 method=java.util.concurrent.ConcurrentHashMap.putVal(Ljava/lang/Object;Ljava/lang/Object;Z)Ljava/lang/Object; @ 401 c2
Event: 9.496 Thread 0x0000015c9da65800 DEOPT PACKING pc=0x0000015c902c8fb4 sp=0x0000002d663fbfe0
Event: 9.496 Thread 0x0000015c9da65800 DEOPT UNPACKING pc=0x0000015c886374af sp=0x0000002d663fbf80 mode 2
Event: 9.526 Thread 0x0000015c9da65800 Uncommon trap: trap_request=0xffffff4d fr.pc=0x0000015c902f09f4 relative=0x0000000000000234
Event: 9.526 Thread 0x0000015c9da65800 Uncommon trap: reason=unstable_if action=reinterpret pc=0x0000015c902f09f4 method=java.util.concurrent.ConcurrentHashMap.get(Ljava/lang/Object;)Ljava/lang/Object; @ 86 c2
Event: 9.526 Thread 0x0000015c9da65800 DEOPT PACKING pc=0x0000015c902f09f4 sp=0x0000002d663fc090
Event: 9.526 Thread 0x0000015c9da65800 DEOPT UNPACKING pc=0x0000015c886374af sp=0x0000002d663fbff8 mode 2
Event: 9.618 Thread 0x0000015c9da65800 Uncommon trap: trap_request=0xffffff4d fr.pc=0x0000015c9026a6b8 relative=0x0000000000005e78
Event: 9.618 Thread 0x0000015c9da65800 Uncommon trap: reason=unstable_if action=reinterpret pc=0x0000015c9026a6b8 method=org.springframework.core.ResolvableType.resolveClass()Ljava/lang/Class; @ 37 c2
Event: 9.618 Thread 0x0000015c9da65800 DEOPT PACKING pc=0x0000015c9026a6b8 sp=0x0000002d663fc990
Event: 9.618 Thread 0x0000015c9da65800 DEOPT UNPACKING pc=0x0000015c886374af sp=0x0000002d663fc8d0 mode 2
Event: 9.637 Thread 0x0000015c9da65800 Uncommon trap: trap_request=0xffffff4d fr.pc=0x0000015c90404a3c relative=0x00000000000036bc
Event: 9.637 Thread 0x0000015c9da65800 Uncommon trap: reason=unstable_if action=reinterpret pc=0x0000015c90404a3c method=org.springframework.core.annotation.AnnotationsScanner.processClassInheritedAnnotations(Ljava/lang/Object;Ljava/lang/Class;Lorg/springframework/core/annotation/MergedAnnotat
Event: 9.637 Thread 0x0000015c9da65800 DEOPT PACKING pc=0x0000015c90404a3c sp=0x0000002d663fb960
Event: 9.637 Thread 0x0000015c9da65800 DEOPT UNPACKING pc=0x0000015c886374af sp=0x0000002d663fb8c8 mode 2
Event: 9.784 Thread 0x0000015c9da65800 Uncommon trap: trap_request=0xffffff4d fr.pc=0x0000015c9017c9a0 relative=0x0000000000001220
Event: 9.784 Thread 0x0000015c9da65800 Uncommon trap: reason=unstable_if action=reinterpret pc=0x0000015c9017c9a0 method=java.util.concurrent.ConcurrentHashMap.transfer([Ljava/util/concurrent/ConcurrentHashMap$Node;[Ljava/util/concurrent/ConcurrentHashMap$Node;)V @ 352 c2
Event: 9.784 Thread 0x0000015c9da65800 DEOPT PACKING pc=0x0000015c9017c9a0 sp=0x0000002d663fabc0
Event: 9.784 Thread 0x0000015c9da65800 DEOPT UNPACKING pc=0x0000015c886374af sp=0x0000002d663fab58 mode 2

Classes redefined (0 events):
No events

Internal exceptions (20 events):
Event: 8.965 Thread 0x0000015c9da65800 Exception <a 'java/lang/IncompatibleClassChangeError'{0x000000008ba784d8}: Found class java.lang.Object, but interface was expected> (0x000000008ba784d8) thrown at [./src/hotspot/share/interpreter/linkResolver.cpp, line 839]
Event: 9.040 Thread 0x0000015c9da65800 Exception <a 'java/lang/reflect/InvocationTargetException'{0x000000008b3e67e0}> (0x000000008b3e67e0) thrown at [./src/hotspot/share/runtime/reflection.cpp, line 1247]
Event: 9.057 Thread 0x0000015c9da65800 Exception <a 'java/lang/NoSuchMethodError'{0x000000008b284de0}: 'java.lang.Object java.lang.invoke.DirectMethodHandle$Holder.invokeStatic(java.lang.Object, java.lang.Object, int, java.lang.Object)'> (0x000000008b284de0) thrown at [./src/hotspot/share/interpreter/linkResolver.cpp, line 773]
Event: 9.057 Thread 0x0000015c9da65800 Exception <a 'java/lang/NoSuchMethodError'{0x000000008b28b9e0}: 'java.lang.Object java.lang.invoke.Invokers$Holder.linkToTargetMethod(java.lang.Object, int, java.lang.Object)'> (0x000000008b28b9e0) thrown at [./src/hotspot/share/interpreter/linkResolver.cpp, line 773]
Event: 9.065 Thread 0x0000015c9da65800 Exception <a 'java/lang/IncompatibleClassChangeError'{0x000000008b2c60d0}: Found class java.lang.Object, but interface was expected> (0x000000008b2c60d0) thrown at [./src/hotspot/share/interpreter/linkResolver.cpp, line 839]
Event: 9.170 Thread 0x0000015c9da65800 Implicit null exception at 0x0000015c901cd75d to 0x0000015c901cd816
Event: 9.181 Thread 0x0000015c9da65800 Exception <a 'java/lang/ClassNotFoundException'{0x000000008ab47b68}: java/lang/ObjectCustomizer> (0x000000008ab47b68) thrown at [./src/hotspot/share/classfile/systemDictionary.cpp, line 231]
Event: 9.182 Thread 0x0000015c9da65800 Exception <a 'java/lang/ClassNotFoundException'{0x000000008ab5b638}: br/com/alura/carteira/modelo/TransacaoCustomizer> (0x000000008ab5b638) thrown at [./src/hotspot/share/classfile/systemDictionary.cpp, line 231]
Event: 9.367 Thread 0x0000015c9da65800 Exception <a 'java/lang/ClassNotFoundException'{0x0000000089f2df88}: br/com/alura/carteira/dto/ItemCarteiraProjectionCustomizer> (0x0000000089f2df88) thrown at [./src/hotspot/share/classfile/systemDictionary.cpp, line 231]
Event: 9.368 Thread 0x0000015c9da65800 Exception <a 'java/lang/NoSuchMethodError'{0x0000000089f3e8f8}: 'java.lang.Object java.lang.invoke.DirectMethodHandle$Holder.invokeInterface(java.lang.Object, java.lang.Object, int)'> (0x0000000089f3e8f8) thrown at [./src/hotspot/share/interpreter/linkResolver.cpp, line 773]
Event: 9.439 Thread 0x0000015c9da65800 Implicit null exception at 0x0000015c9028a864 to 0x0000015c9028acc6
Event: 9.616 Thread 0x0000015c9da65800 Exception <a 'java/lang/ClassNotFoundException'{0x0000000088c98db0}: java/lang/ObjectCustomizer> (0x0000000088c98db0) thrown at [./src/hotspot/share/classfile/systemDictionary.cpp, line 231]
Event: 9.616 Thread 0x0000015c9da65800 Exception <a 'java/lang/ClassNotFoundException'{0x0000000088cae450}: org/springframework/plugin/core/support/AbstractTypeAwareSupportCustomizer> (0x0000000088cae450) thrown at [./src/hotspot/share/classfile/systemDictionary.cpp, line 231]
Event: 9.617 Thread 0x0000015c9da65800 Exception <a 'java/lang/ClassNotFoundException'{0x0000000088cc7e50}: org/springframework/plugin/core/support/PluginRegistryFactoryBeanCustomizer> (0x0000000088cc7e50) thrown at [./src/hotspot/share/classfile/systemDictionary.cpp, line 231]
Event: 9.619 Thread 0x0000015c9da65800 Exception <a 'java/lang/ClassNotFoundException'{0x0000000088cf12f0}: org/springframework/beans/factory/FactoryBeanCustomizer> (0x0000000088cf12f0) thrown at [./src/hotspot/share/classfile/systemDictionary.cpp, line 231]
Event: 9.620 Thread 0x0000015c9da65800 Exception <a 'java/lang/ClassNotFoundException'{0x0000000088b048f8}: org/springframework/context/ApplicationContextAwareCustomizer> (0x0000000088b048f8) thrown at [./src/hotspot/share/classfile/systemDictionary.cpp, line 231]
Event: 9.621 Thread 0x0000015c9da65800 Exception <a 'java/lang/ClassNotFoundException'{0x0000000088b147a8}: org/springframework/beans/factory/AwareCustomizer> (0x0000000088b147a8) thrown at [./src/hotspot/share/classfile/systemDictionary.cpp, line 231]
Event: 9.621 Thread 0x0000015c9da65800 Exception <a 'java/lang/ClassNotFoundException'{0x0000000088b24470}: org/springframework/context/ApplicationListenerCustomizer> (0x0000000088b24470) thrown at [./src/hotspot/share/classfile/systemDictionary.cpp, line 231]
Event: 9.621 Thread 0x0000015c9da65800 Exception <a 'java/lang/ClassNotFoundException'{0x0000000088b29878}: java/util/EventListenerCustomizer> (0x0000000088b29878) thrown at [./src/hotspot/share/classfile/systemDictionary.cpp, line 231]
Event: 9.622 Thread 0x0000015c9da65800 Exception <a 'java/lang/ClassNotFoundException'{0x0000000088b3a1b0}: org/springframework/beans/factory/InitializingBeanCustomizer> (0x0000000088b3a1b0) thrown at [./src/hotspot/share/classfile/systemDictionary.cpp, line 231]

Events (20 events):
Event: 9.814 loading class org/springframework/web/servlet/mvc/method/RequestMappingInfo
Event: 9.814 loading class org/springframework/web/servlet/mvc/method/RequestMappingInfo done
Event: 9.815 loading class org/springframework/web/servlet/mvc/condition/RequestCondition
Event: 9.815 loading class org/springframework/web/servlet/mvc/condition/RequestCondition done
Event: 9.815 loading class org/springframework/web/bind/annotation/CrossOrigin
Event: 9.815 loading class org/springframework/web/bind/annotation/CrossOrigin done
Event: 9.815 loading class org/springframework/web/servlet/handler/RequestMatchResult
Event: 9.815 loading class org/springframework/web/servlet/handler/RequestMatchResult done
Event: 9.816 loading class org/springframework/web/util/pattern/PathPattern
Event: 9.816 loading class org/springframework/web/util/pattern/PathPattern done
Event: 9.816 loading class org/springframework/http/server/PathContainer
Event: 9.816 loading class org/springframework/http/server/PathContainer done
Event: 9.817 loading class org/springframework/web/servlet/mvc/condition/PatternsRequestCondition
Event: 9.817 loading class org/springframework/web/servlet/mvc/condition/PatternsRequestCondition done
Event: 9.817 loading class org/springframework/web/servlet/mvc/condition/AbstractRequestCondition
Event: 9.817 loading class org/springframework/web/servlet/mvc/condition/AbstractRequestCondition done
Event: 9.818 loading class org/springframework/web/servlet/mvc/condition/PathPatternsRequestCondition
Event: 9.818 loading class org/springframework/web/servlet/mvc/condition/PathPatternsRequestCondition done
Event: 9.819 loading class org/springframework/web/servlet/handler/MappedInterceptor
Event: 9.819 loading class org/springframework/web/servlet/handler/MappedInterceptor done


Dynamic libraries:
0x00007ff7de960000 - 0x00007ff7de96d000 	C:\Program Files\AdoptOpenJDK\jdk-11.0.9.101-hotspot\bin\javaw.exe
0x00007ff90f990000 - 0x00007ff90fb86000 	C:\WINDOWS\SYSTEM32\ntdll.dll
0x00007ff90ee30000 - 0x00007ff90eeed000 	C:\WINDOWS\System32\KERNEL32.DLL
0x00007ff90d1b0000 - 0x00007ff90d479000 	C:\WINDOWS\System32\KERNELBASE.dll
0x00007ff90d5b0000 - 0x00007ff90d6b0000 	C:\WINDOWS\System32\ucrtbase.dll
0x00007ff8ff230000 - 0x00007ff8ff245000 	C:\Program Files\AdoptOpenJDK\jdk-11.0.9.101-hotspot\bin\VCRUNTIME140.dll
0x00007ff906b10000 - 0x00007ff906b27000 	C:\Program Files\AdoptOpenJDK\jdk-11.0.9.101-hotspot\bin\jli.dll
0x00007ff90f490000 - 0x00007ff90f630000 	C:\WINDOWS\System32\USER32.dll
0x00007ff90d530000 - 0x00007ff90d552000 	C:\WINDOWS\System32\win32u.dll
0x00007ff8f3370000 - 0x00007ff8f360b000 	C:\WINDOWS\WinSxS\amd64_microsoft.windows.common-controls_6595b64144ccf1df_6.0.19041.488_none_ca04af081b815d21\COMCTL32.dll
0x00007ff90e220000 - 0x00007ff90e24a000 	C:\WINDOWS\System32\GDI32.dll
0x00007ff90f3f0000 - 0x00007ff90f48e000 	C:\WINDOWS\System32\msvcrt.dll
0x00007ff90d8e0000 - 0x00007ff90d9e9000 	C:\WINDOWS\System32\gdi32full.dll
0x00007ff90d6e0000 - 0x00007ff90d77d000 	C:\WINDOWS\System32\msvcp_win.dll
0x00007ff90d9f0000 - 0x00007ff90da20000 	C:\WINDOWS\System32\IMM32.DLL
0x00007ff906290000 - 0x00007ff906334000 	C:\Program Files\McAfee\Endpoint Security\Threat Prevention\Ips\EpMPApi.dll
0x00007ff90ebd0000 - 0x00007ff90ecfb000 	C:\WINDOWS\System32\RPCRT4.dll
0x00007ff90f340000 - 0x00007ff90f3ec000 	C:\WINDOWS\System32\ADVAPI32.dll
0x00007ff90f7d0000 - 0x00007ff90f86c000 	C:\WINDOWS\System32\sechost.dll
0x00007ff90d150000 - 0x00007ff90d1b0000 	C:\WINDOWS\System32\WINTRUST.dll
0x00007ff90d780000 - 0x00007ff90d8dd000 	C:\WINDOWS\System32\CRYPT32.dll
0x00007ff90ccc0000 - 0x00007ff90ccd2000 	C:\WINDOWS\SYSTEM32\MSASN1.dll
0x0000000050000000 - 0x000000005000c000 	C:\Program Files\McAfee\Endpoint Security\Threat Prevention\Ips\EpMPThe.dll
0x00007ff8dbc40000 - 0x00007ff8dbcdb000 	C:\Program Files\AdoptOpenJDK\jdk-11.0.9.101-hotspot\bin\msvcp140.dll
0x00007ff898e50000 - 0x00007ff899993000 	C:\Program Files\AdoptOpenJDK\jdk-11.0.9.101-hotspot\bin\server\jvm.dll
0x00007ff90ef50000 - 0x00007ff90ef58000 	C:\WINDOWS\System32\PSAPI.DLL
0x00007ff8f0300000 - 0x00007ff8f0309000 	C:\WINDOWS\SYSTEM32\WSOCK32.dll
0x00007ff8f3290000 - 0x00007ff8f32b7000 	C:\WINDOWS\SYSTEM32\WINMM.dll
0x00007ff8ff610000 - 0x00007ff8ff61a000 	C:\WINDOWS\SYSTEM32\VERSION.dll
0x00007ff90f740000 - 0x00007ff90f7ab000 	C:\WINDOWS\System32\WS2_32.dll
0x00007ff90bd80000 - 0x00007ff90bd92000 	C:\WINDOWS\SYSTEM32\kernel.appcore.dll
0x00007ff9087b0000 - 0x00007ff9087c0000 	C:\Program Files\AdoptOpenJDK\jdk-11.0.9.101-hotspot\bin\verify.dll
0x00007ff8efeb0000 - 0x00007ff8f0094000 	C:\WINDOWS\SYSTEM32\DBGHELP.DLL
0x00007ff8efe80000 - 0x00007ff8efeac000 	C:\WINDOWS\SYSTEM32\dbgcore.DLL
0x00007ff90d0d0000 - 0x00007ff90d150000 	C:\WINDOWS\System32\bcryptPrimitives.dll
0x00007ff8ff250000 - 0x00007ff8ff278000 	C:\Program Files\AdoptOpenJDK\jdk-11.0.9.101-hotspot\bin\java.dll
0x00007ff906e60000 - 0x00007ff906e6a000 	C:\Program Files\AdoptOpenJDK\jdk-11.0.9.101-hotspot\bin\jimage.dll
0x00007ff906650000 - 0x00007ff906667000 	C:\Program Files\AdoptOpenJDK\jdk-11.0.9.101-hotspot\bin\zip.dll
0x00007ff90e2c0000 - 0x00007ff90ea02000 	C:\WINDOWS\System32\SHELL32.dll
0x00007ff90b110000 - 0x00007ff90b8a5000 	C:\WINDOWS\SYSTEM32\windows.storage.dll
0x00007ff90ef60000 - 0x00007ff90f2b6000 	C:\WINDOWS\System32\combase.dll
0x00007ff90ca00000 - 0x00007ff90ca2c000 	C:\WINDOWS\SYSTEM32\Wldp.dll
0x00007ff90db50000 - 0x00007ff90dbfe000 	C:\WINDOWS\System32\SHCORE.dll
0x00007ff90f630000 - 0x00007ff90f685000 	C:\WINDOWS\System32\shlwapi.dll
0x00007ff90d000000 - 0x00007ff90d026000 	C:\WINDOWS\SYSTEM32\profapi.dll
0x00007ff905320000 - 0x00007ff905339000 	C:\Program Files\AdoptOpenJDK\jdk-11.0.9.101-hotspot\bin\net.dll
0x00007ff8ffda0000 - 0x00007ff8ffea0000 	C:\WINDOWS\SYSTEM32\WINHTTP.dll
0x00007ff90c790000 - 0x00007ff90c7fa000 	C:\WINDOWS\system32\mswsock.dll
0x00007ff904dc0000 - 0x00007ff904dd2000 	C:\Program Files\AdoptOpenJDK\jdk-11.0.9.101-hotspot\bin\nio.dll
0x00007ff9037d0000 - 0x00007ff9037d9000 	C:\Program Files\AdoptOpenJDK\jdk-11.0.9.101-hotspot\bin\management.dll
0x00007ff8ff330000 - 0x00007ff8ff33b000 	C:\Program Files\AdoptOpenJDK\jdk-11.0.9.101-hotspot\bin\management_ext.dll
0x00007ff8ff120000 - 0x00007ff8ff137000 	C:\WINDOWS\system32\napinsp.dll
0x00007ff8ff100000 - 0x00007ff8ff11b000 	C:\WINDOWS\system32\pnrpnsp.dll
0x00007ff907f00000 - 0x00007ff907f15000 	C:\WINDOWS\system32\wshbth.dll
0x00007ff9086c0000 - 0x00007ff9086dd000 	C:\WINDOWS\system32\NLAapi.dll
0x00007ff90c4a0000 - 0x00007ff90c4db000 	C:\WINDOWS\SYSTEM32\IPHLPAPI.DLL
0x00007ff90c4e0000 - 0x00007ff90c5ab000 	C:\WINDOWS\SYSTEM32\DNSAPI.dll
0x00007ff90e2b0000 - 0x00007ff90e2b8000 	C:\WINDOWS\System32\NSI.dll
0x00007ff8ff140000 - 0x00007ff8ff152000 	C:\WINDOWS\System32\winrnr.dll
0x00007ff8ffd90000 - 0x00007ff8ffd9a000 	C:\Windows\System32\rasadhlp.dll
0x00007ff907c90000 - 0x00007ff907d0f000 	C:\WINDOWS\System32\fwpuclnt.dll
0x00007ff90d6b0000 - 0x00007ff90d6d7000 	C:\WINDOWS\System32\bcrypt.dll
0x00007ff90ca40000 - 0x00007ff90ca58000 	C:\WINDOWS\SYSTEM32\CRYPTSP.dll
0x00007ff90c140000 - 0x00007ff90c174000 	C:\WINDOWS\system32\rsaenh.dll
0x00007ff90cfc0000 - 0x00007ff90cfee000 	C:\WINDOWS\SYSTEM32\USERENV.dll
0x00007ff90c910000 - 0x00007ff90c91c000 	C:\WINDOWS\SYSTEM32\CRYPTBASE.dll
0x00007ff907380000 - 0x00007ff907397000 	C:\WINDOWS\SYSTEM32\dhcpcsvc6.DLL
0x00007ff907360000 - 0x00007ff90737d000 	C:\WINDOWS\SYSTEM32\dhcpcsvc.DLL
0x00007ff8dee70000 - 0x00007ff8dee95000 	C:\Program Files\AdoptOpenJDK\jdk-11.0.9.101-hotspot\bin\sunec.dll

dbghelp: loaded successfully - version: 4.0.5 - missing functions: none
symbol engine: initialized successfully - sym options: 0x614 - pdb path: .;C:\Program Files\AdoptOpenJDK\jdk-11.0.9.101-hotspot\bin;C:\WINDOWS\SYSTEM32;C:\WINDOWS\WinSxS\amd64_microsoft.windows.common-controls_6595b64144ccf1df_6.0.19041.488_none_ca04af081b815d21;C:\Program Files\McAfee\Endpoint Security\Threat Prevention\Ips;C:\Program Files\AdoptOpenJDK\jdk-11.0.9.101-hotspot\bin\server

VM Arguments:
jvm_args: -Dfile.encoding=UTF-8 
java_command: br.com.alura.carteira.CarteiraApiApplication
java_class_path (initial): C:\Users\h013026\OneDrive - Default Directory\Workspace_JAVA_Alura\carteira-api\target\classes;C:\Users\h013026\.m2\repository\org\springframework\boot\spring-boot-starter-web\2.5.4\spring-boot-starter-web-2.5.4.jar;C:\Users\h013026\.m2\repository\org\springframework\boot\spring-boot-starter\2.5.4\spring-boot-starter-2.5.4.jar;C:\Users\h013026\.m2\repository\org\springframework\boot\spring-boot-starter-logging\2.5.4\spring-boot-starter-logging-2.5.4.jar;C:\Users\h013026\.m2\repository\ch\qos\logback\logback-classic\1.2.5\logback-classic-1.2.5.jar;C:\Users\h013026\.m2\repository\ch\qos\logback\logback-core\1.2.5\logback-core-1.2.5.jar;C:\Users\h013026\.m2\repository\org\apache\logging\log4j\log4j-to-slf4j\2.14.1\log4j-to-slf4j-2.14.1.jar;C:\Users\h013026\.m2\repository\org\apache\logging\log4j\log4j-api\2.14.1\log4j-api-2.14.1.jar;C:\Users\h013026\.m2\repository\org\slf4j\jul-to-slf4j\1.7.32\jul-to-slf4j-1.7.32.jar;C:\Users\h013026\.m2\repository\jakarta\annotation\jakarta.annotation-api\1.3.5\jakarta.annotation-api-1.3.5.jar;C:\Users\h013026\.m2\repository\org\yaml\snakeyaml\1.28\snakeyaml-1.28.jar;C:\Users\h013026\.m2\repository\org\springframework\boot\spring-boot-starter-json\2.5.4\spring-boot-starter-json-2.5.4.jar;C:\Users\h013026\.m2\repository\com\fasterxml\jackson\datatype\jackson-datatype-jdk8\2.12.4\jackson-datatype-jdk8-2.12.4.jar;C:\Users\h013026\.m2\repository\com\fasterxml\jackson\datatype\jackson-datatype-jsr310\2.12.4\jackson-datatype-jsr310-2.12.4.jar;C:\Users\h013026\.m2\repository\com\fasterxml\jackson\module\jackson-module-parameter-names\2.12.4\jackson-module-parameter-names-2.12.4.jar;C:\Users\h013026\.m2\repository\org\springframework\boot\spring-boot-starter-tomcat\2.5.4\spring-boot-starter-tomcat-2.5.4.jar;C:\Users\h013026\.m2\repository\org\apache\tomcat\embed\tomcat-embed-core\9.0.52\tomcat-embed-core-9.0.52.jar;C:\Users\h013026\.m2\repository\org\apache\tomcat\embed\tomcat-embed-websocket\9.0.52\tomcat-embed-w
Launcher Type: SUN_STANDARD

[Global flags]
     intx CICompilerCount                          = 3                                         {product} {ergonomic}
     uint ConcGCThreads                            = 1                                         {product} {ergonomic}
     uint G1ConcRefinementThreads                  = 4                                         {product} {ergonomic}
   size_t G1HeapRegionSize                         = 1048576                                   {product} {ergonomic}
    uintx GCDrainStackTargetSize                   = 64                                        {product} {ergonomic}
   size_t InitialHeapSize                          = 134217728                                 {product} {ergonomic}
   size_t MarkStackSize                            = 4194304                                   {product} {ergonomic}
   size_t MaxHeapSize                              = 2116026368                                {product} {ergonomic}
   size_t MaxNewSize                               = 1268776960                                {product} {ergonomic}
   size_t MinHeapDeltaBytes                        = 1048576                                   {product} {ergonomic}
    uintx NonNMethodCodeHeapSize                   = 5830732                                {pd product} {ergonomic}
    uintx NonProfiledCodeHeapSize                  = 122913754                              {pd product} {ergonomic}
    uintx ProfiledCodeHeapSize                     = 122913754                              {pd product} {ergonomic}
    uintx ReservedCodeCacheSize                    = 251658240                              {pd product} {ergonomic}
     bool SegmentedCodeCache                       = true                                      {product} {ergonomic}
     bool UseCompressedClassPointers               = true                                 {lp64_product} {ergonomic}
     bool UseCompressedOops                        = true                                 {lp64_product} {ergonomic}
     bool UseG1GC                                  = true                                      {product} {ergonomic}
     bool UseLargePagesIndividualAllocation        = false                                  {pd product} {ergonomic}

Logging:
Log output configuration:
 #0: stdout all=warning uptime,level,tags
 #1: stderr all=off uptime,level,tags

Environment Variables:
JAVA_HOME=C:\Program Files\AdoptOpenJDK\jdk-11.0.9.101-hotspot\
PATH=C:/Program Files/AdoptOpenJDK/jdk-11.0.9.101-hotspot/bin/client;C:/Program Files/AdoptOpenJDK/jdk-11.0.9.101-hotspot/bin;C:\Program Files\AdoptOpenJDK\jdk-11.0.9.101-hotspot\bin;C:\Program Files (x86)\Common Files\Oracle\Java\javapath;C:\Program Files\Microsoft MPI\Bin\;C:\ProgramData\Oracle\Java\javapath;C:\Windows\system32;C:\Windows;C:\Windows\System32\Wbem;C:\Windows\System32\WindowsPowerShell\v1.0\;C:\Program Files\SourceGear\Common\DiffMerge\;C:\Program Files\dotnet\;C:\Program Files\Microsoft SQL Server\130\Tools\Binn\;C:\Program Files\Git\cmd;C:\Program Files\PostgreSQL\10\bin;C:\Program Files\PostgreSQL\10\lib;C:\Program Files\Microsoft VS Code\bin;C:\Program Files\MongoDB\Server\4.0\bin;C:\Program Files\RStudio\bin;C:\Program Files\R\R-3.5.3\bin;C:\ProgramData\chocolatey\bin;C:\Program Files (x86)\vim\vim80;C:\apache-maven-3.6.3\bin;C:\Program Files\Java\jdk1.8.0_241\bin;C:\Program Files (x86)\Microsoft SQL Server\100\Tools\Binn\;C:\Program Files\Microsoft SQL Server\100\Tools\Binn\;C:\Program Files\Microsoft SQL Server\100\DTS\Binn\;C:\Program Files (x86)\Microsoft SQL Server\100\Tools\Binn\VSShell\Common7\IDE\;C:\Program Files (x86)\Microsoft SQL Server\100\DTS\Binn\;C:\Program Files (x86)\Microsoft Visual Studio 9.0\Common7\IDE\PrivateAssemblies\;C:\WINDOWS\system32;C:\WINDOWS;C:\WINDOWS\System32\Wbem;C:\WINDOWS\System32\WindowsPowerShell\v1.0\;C:\WINDOWS\System32\OpenSSH\;c:\Program Files (x86)\Microsoft SQL Server\110\Tools\Binn\;c:\Program Files\Microsoft SQL Server\110\Tools\Binn\;c:\Program Files\Microsoft SQL Server\110\DTS\Binn\;C:\Program Files\nodejs\;C:\Users\h013026\Anaconda3\Scripts;C:\Program Files\Microsoft SQL Server\Client SDK\ODBC\170\Tools\Binn\;C:\Users\h013026\.sdkman\bin;C:\Program Files\Docker\Docker\resources\bin;C:\ProgramData\DockerDesktop\version-bin;C:\flyway-8.0.0-beta3;%C:\Program Files (x86)\Common Files\Oracle\Java\javapath;C:\Program Files\Microsoft MPI\Bin\;C:\ProgramData\Oracle\Java\javapath;C:\Windows\system32;C:\Win
USERNAME=h013026
OS=Windows_NT
PROCESSOR_IDENTIFIER=Intel64 Family 6 Model 94 Stepping 3, GenuineIntel



---------------  S Y S T E M  ---------------

OS: Windows 10 , 64 bit Build 19041 (10.0.19041.662)
OS uptime: 0 days 6:47 hours
HyperV virtualization detected

CPU:total 4 (initial active 4) (4 cores per cpu, 1 threads per core) family 6 model 94 stepping 3, cmov, cx8, fxsr, mmx, sse, sse2, sse3, ssse3, sse4.1, sse4.2, popcnt, avx, avx2, aes, clmul, erms, rtm, 3dnowpref, lzcnt, tsc, tscinvbit, bmi1, bmi2, adx, fma

Memory: 4k page, system-wide physical 8071M (1065M free)
TotalPageFile size 9975M (AvailPageFile size 9M)
current process WorkingSet (physical memory assigned to process): 358M, peak: 358M
current process commit charge ("private bytes"): 429M, peak: 429M

vm_info: OpenJDK 64-Bit Server VM (11.0.9.1+1) for windows-amd64 JRE (11.0.9.1+1), built on Nov 10 2020 15:18:49 by "" with MS VC++ 15.9 (VS2017)

END.
